# JRE version: Java(TM) SE Runtime Environment (8.0_05-b13) (build 1.8.0_05-b13)
# Java VM: Java HotSpot(TM) 64-Bit Server VM (25.5-b02 mixed mode windows-amd64 compressed oops)
Heap:
 PSYoungGen      total 198656K, used 192754K [0x00000000eab00000, 0x00000000faa80000, 0x0000000100000000)
  eden space 151552K, 98% used [0x00000000eab00000,0x00000000f3c57678,0x00000000f3f00000)
  from space 47104K, 93% used [0x00000000f7280000,0x00000000f9d65490,0x00000000fa080000)
  to   space 52736K, 0% used [0x00000000f3f00000,0x00000000f3f00000,0x00000000f7280000)
 ParOldGen       total 129536K, used 102852K [0x00000000c0000000, 0x00000000c7e80000, 0x00000000eab00000)
  object space 129536K, 79% used [0x00000000c0000000,0x00000000c64713c8,0x00000000c7e80000)
 Metaspace       used 121590K, capacity 129859K, committed 130176K, reserved 1159168K
  class space    used 16880K, capacity 19745K, committed 19840K, reserved 1048576K
GC Heap History (10 events):
Event: 8924.862 GC heap before
{Heap before GC invocations=82 (full 16):
 PSYoungGen      total 184320K, used 154800K [0x00000000eab00000, 0x00000000f8b80000, 0x0000000100000000)
  eden space 140288K, 100% used [0x00000000eab00000,0x00000000f3400000,0x00000000f3400000)
  from space 44032K, 32% used [0x00000000f3400000,0x00000000f422c2c0,0x00000000f5f00000)
  to   space 42496K, 0% used [0x00000000f6200000,0x00000000f6200000,0x00000000f8b80000)
 ParOldGen       total 129536K, used 102828K [0x00000000c0000000, 0x00000000c7e80000, 0x00000000eab00000)
  object space 129536K, 79% used [0x00000000c0000000,0x00000000c646b3c8,0x00000000c7e80000)
 Metaspace       used 107307K, capacity 113557K, committed 115072K, reserved 1146880K
  class space    used 14660K, capacity 16798K, committed 17280K, reserved 1048576K
Event: 8924.904 GC heap after
Heap after GC invocations=82 (full 16):
 PSYoungGen      total 186880K, used 26797K [0x00000000eab00000, 0x00000000f8d80000, 0x0000000100000000)
  eden space 144384K, 0% used [0x00000000eab00000,0x00000000eab00000,0x00000000f3800000)
  from space 42496K, 63% used [0x00000000f6200000,0x00000000f7c2b760,0x00000000f8b80000)
  to   space 43008K, 0% used [0x00000000f3800000,0x00000000f3800000,0x00000000f6200000)
 ParOldGen       total 129536K, used 102828K [0x00000000c0000000, 0x00000000c7e80000, 0x00000000eab00000)
  object space 129536K, 79% used [0x00000000c0000000,0x00000000c646b3c8,0x00000000c7e80000)
 Metaspace       used 107307K, capacity 113557K, committed 115072K, reserved 1146880K
  class space    used 14660K, capacity 16798K, committed 17280K, reserved 1048576K
}
Event: 8928.006 GC heap before
{Heap before GC invocations=83 (full 16):
 PSYoungGen      total 186880K, used 171181K [0x00000000eab00000, 0x00000000f8d80000, 0x0000000100000000)
  eden space 144384K, 100% used [0x00000000eab00000,0x00000000f3800000,0x00000000f3800000)
  from space 42496K, 63% used [0x00000000f6200000,0x00000000f7c2b760,0x00000000f8b80000)
  to   space 43008K, 0% used [0x00000000f3800000,0x00000000f3800000,0x00000000f6200000)
 ParOldGen       total 129536K, used 102828K [0x00000000c0000000, 0x00000000c7e80000, 0x00000000eab00000)
  object space 129536K, 79% used [0x00000000c0000000,0x00000000c646b3c8,0x00000000c7e80000)
 Metaspace       used 107319K, capacity 113557K, committed 115072K, reserved 1146880K
  class space    used 14660K, capacity 16798K, committed 17280K, reserved 1048576K
Event: 8928.034 GC heap after
Heap after GC invocations=83 (full 16):
 PSYoungGen      total 187392K, used 25731K [0x00000000eab00000, 0x00000000f9200000, 0x0000000100000000)
  eden space 144384K, 0% used [0x00000000eab00000,0x00000000eab00000,0x00000000f3800000)
  from space 43008K, 59% used [0x00000000f3800000,0x00000000f5120e50,0x00000000f6200000)
  to   space 43008K, 0% used [0x00000000f6800000,0x00000000f6800000,0x00000000f9200000)
 ParOldGen       total 129536K, used 102828K [0x00000000c0000000, 0x00000000c7e80000, 0x00000000eab00000)
  object space 129536K, 79% used [0x00000000c0000000,0x00000000c646b3c8,0x00000000c7e80000)
 Metaspace       used 107319K, capacity 113557K, committed 115072K, reserved 1146880K
  class space    used 14660K, capacity 16798K, committed 17280K, reserved 1048576K
}
Event: 9033.830 GC heap before
{Heap before GC invocations=84 (full 16):
 PSYoungGen      total 187392K, used 170115K [0x00000000eab00000, 0x00000000f9200000, 0x0000000100000000)
  eden space 144384K, 100% used [0x00000000eab00000,0x00000000f3800000,0x00000000f3800000)
  from space 43008K, 59% used [0x00000000f3800000,0x00000000f5120e50,0x00000000f6200000)
  to   space 43008K, 0% used [0x00000000f6800000,0x00000000f6800000,0x00000000f9200000)
 ParOldGen       total 129536K, used 102828K [0x00000000c0000000, 0x00000000c7e80000, 0x00000000eab00000)
  object space 129536K, 79% used [0x00000000c0000000,0x00000000c646b3c8,0x00000000c7e80000)
 Metaspace       used 109360K, capacity 116219K, committed 117376K, reserved 1148928K
  class space    used 14984K, capacity 17366K, committed 17792K, reserved 1048576K
Event: 9033.855 GC heap after
Heap after GC invocations=84 (full 16):
 PSYoungGen      total 189440K, used 23265K [0x00000000eab00000, 0x00000000f8f00000, 0x0000000100000000)
  eden space 149504K, 0% used [0x00000000eab00000,0x00000000eab00000,0x00000000f3d00000)
  from space 39936K, 58% used [0x00000000f6800000,0x00000000f7eb8638,0x00000000f8f00000)
  to   space 41984K, 0% used [0x00000000f3d00000,0x00000000f3d00000,0x00000000f6600000)
 ParOldGen       total 129536K, used 102836K [0x00000000c0000000, 0x00000000c7e80000, 0x00000000eab00000)
  object space 129536K, 79% used [0x00000000c0000000,0x00000000c646d3c8,0x00000000c7e80000)
 Metaspace       used 109360K, capacity 116219K, committed 117376K, reserved 1148928K
  class space    used 14984K, capacity 17366K, committed 17792K, reserved 1048576K
}
Event: 9035.316 GC heap before
{Heap before GC invocations=85 (full 16):
 PSYoungGen      total 189440K, used 172769K [0x00000000eab00000, 0x00000000f8f00000, 0x0000000100000000)
  eden space 149504K, 100% used [0x00000000eab00000,0x00000000f3d00000,0x00000000f3d00000)
  from space 39936K, 58% used [0x00000000f6800000,0x00000000f7eb8638,0x00000000f8f00000)
  to   space 41984K, 0% used [0x00000000f3d00000,0x00000000f3d00000,0x00000000f6600000)
 ParOldGen       total 129536K, used 102836K [0x00000000c0000000, 0x00000000c7e80000, 0x00000000eab00000)
  object space 129536K, 79% used [0x00000000c0000000,0x00000000c646d3c8,0x00000000c7e80000)
 Metaspace       used 114616K, capacity 121858K, committed 122368K, reserved 1153024K
  class space    used 15787K, capacity 18272K, committed 18432K, reserved 1048576K
Event: 9035.353 GC heap after
Heap after GC invocations=85 (full 16):
 PSYoungGen      total 191488K, used 40227K [0x00000000eab00000, 0x00000000fa080000, 0x0000000100000000)
  eden space 149504K, 0% used [0x00000000eab00000,0x00000000eab00000,0x00000000f3d00000)
  from space 41984K, 95% used [0x00000000f3d00000,0x00000000f6448cc8,0x00000000f6600000)
  to   space 47104K, 0% used [0x00000000f7280000,0x00000000f7280000,0x00000000fa080000)
 ParOldGen       total 129536K, used 102844K [0x00000000c0000000, 0x00000000c7e80000, 0x00000000eab00000)
  object space 129536K, 79% used [0x00000000c0000000,0x00000000c646f3c8,0x00000000c7e80000)
 Metaspace       used 114616K, capacity 121858K, committed 122368K, reserved 1153024K
  class space    used 15787K, capacity 18272K, committed 18432K, reserved 1048576K
}
Event: 9047.040 GC heap before
{Heap before GC invocations=86 (full 16):
 PSYoungGen      total 191488K, used 189731K [0x00000000eab00000, 0x00000000fa080000, 0x0000000100000000)
  eden space 149504K, 100% used [0x00000000eab00000,0x00000000f3d00000,0x00000000f3d00000)
  from space 41984K, 95% used [0x00000000f3d00000,0x00000000f6448cc8,0x00000000f6600000)
  to   space 47104K, 0% used [0x00000000f7280000,0x00000000f7280000,0x00000000fa080000)
 ParOldGen       total 129536K, used 102844K [0x00000000c0000000, 0x00000000c7e80000, 0x00000000eab00000)
  object space 129536K, 79% used [0x00000000c0000000,0x00000000c646f3c8,0x00000000c7e80000)
 Metaspace       used 117453K, capacity 125298K, committed 125568K, reserved 1155072K
  class space    used 16171K, capacity 18897K, committed 19072K, reserved 1048576K
Event: 9047.090 GC heap after
Heap after GC invocations=86 (full 16):
 PSYoungGen      total 198656K, used 43925K [0x00000000eab00000, 0x00000000faa80000, 0x0000000100000000)
  eden space 151552K, 0% used [0x00000000eab00000,0x00000000eab00000,0x00000000f3f00000)
  from space 47104K, 93% used [0x00000000f7280000,0x00000000f9d65490,0x00000000fa080000)
  to   space 52736K, 0% used [0x00000000f3f00000,0x00000000f3f00000,0x00000000f7280000)
 ParOldGen       total 129536K, used 102852K [0x00000000c0000000, 0x00000000c7e80000, 0x00000000eab00000)
  object space 129536K, 79% used [0x00000000c0000000,0x00000000c64713c8,0x00000000c7e80000)
 Metaspace       used 117453K, capacity 125298K, committed 125568K, reserved 1155072K
  class space    used 16171K, capacity 18897K, committed 19072K, reserved 1048576K
}

